<?xml version="1.0" encoding="UTF-8"?>
<testng-results ignored="0" total="4" passed="4" failed="0" skipped="0">
  <reporter-output>
  </reporter-output>
  <suite started-at="2024-05-23T19:23:38 IST" name="Testing" finished-at="2024-05-23T19:23:53 IST" duration-ms="14730">
    <groups>
    </groups>
    <test started-at="2024-05-23T19:23:38 IST" name="cobotiks" finished-at="2024-05-23T19:23:53 IST" duration-ms="14730">
      <class name="tests.tendableTestCases">
        <test-method is-config="true" signature="setup(java.lang.String)[pri:0, instance:tests.tendableTestCases@2ddc9a9f]" started-at="2024-05-23T19:23:38 IST" name="setup" finished-at="2024-05-23T19:23:43 IST" duration-ms="5138" status="PASS">
          <params>
            <param index="0">
              <value>
                <![CDATA[chrome]]>
              </value>
            </param>
          </params>
          <reporter-output>
          </reporter-output>
        </test-method> <!-- setup -->
        <test-method signature="verifyLogo()[pri:1, instance:tests.tendableTestCases@2ddc9a9f]" started-at="2024-05-23T19:23:43 IST" name="verifyLogo" finished-at="2024-05-23T19:23:43 IST" duration-ms="24" status="PASS">
          <reporter-output>
          </reporter-output>
        </test-method> <!-- verifyLogo -->
        <test-method signature="verifyMenusValue()[pri:2, instance:tests.tendableTestCases@2ddc9a9f]" started-at="2024-05-23T19:23:43 IST" name="verifyMenusValue" finished-at="2024-05-23T19:23:43 IST" duration-ms="33" status="PASS">
          <reporter-output>
          </reporter-output>
        </test-method> <!-- verifyMenusValue -->
        <test-method signature="verifyRequestDemoButton()[pri:3, instance:tests.tendableTestCases@2ddc9a9f]" started-at="2024-05-23T19:23:43 IST" name="verifyRequestDemoButton" finished-at="2024-05-23T19:23:49 IST" duration-ms="5941" status="PASS">
          <reporter-output>
          </reporter-output>
        </test-method> <!-- verifyRequestDemoButton -->
        <test-method signature="verifyMarketingform()[pri:4, instance:tests.tendableTestCases@2ddc9a9f]" started-at="2024-05-23T19:23:49 IST" name="verifyMarketingform" finished-at="2024-05-23T19:23:53 IST" duration-ms="3470" status="PASS">
          <reporter-output>
          </reporter-output>
        </test-method> <!-- verifyMarketingform -->
        <test-method is-config="true" signature="testDown()[pri:0, instance:tests.tendableTestCases@2ddc9a9f]" started-at="2024-05-23T19:23:53 IST" name="testDown" finished-at="2024-05-23T19:23:53 IST" duration-ms="106" status="PASS">
          <reporter-output>
          </reporter-output>
        </test-method> <!-- testDown -->
      </class> <!-- tests.tendableTestCases -->
    </test> <!-- cobotiks -->
  </suite> <!-- Testing -->
</testng-results>
